<html>
<head>
<title>TestNG:  Default test</title>
<link href="../testng.css" rel="stylesheet" type="text/css" />
<link href="../my-testng.css" rel="stylesheet" type="text/css" />

<style type="text/css">
.log { display: none;} 
.stack-trace { display: none;} 
</style>
<script type="text/javascript">
<!--
function flip(e) {
  current = e.style.display;
  if (current == 'block') {
    e.style.display = 'none';
    return 0;
  }
  else {
    e.style.display = 'block';
    return 1;
  }
}

function toggleBox(szDivId, elem, msg1, msg2)
{
  var res = -1;  if (document.getElementById) {
    res = flip(document.getElementById(szDivId));
  }
  else if (document.all) {
    // this is the way old msie versions work
    res = flip(document.all[szDivId]);
  }
  if(elem) {
    if(res == 0) elem.innerHTML = msg1; else elem.innerHTML = msg2;
  }

}

function toggleAllBoxes() {
  if (document.getElementsByTagName) {
    d = document.getElementsByTagName('div');
    for (i = 0; i < d.length; i++) {
      if (d[i].className == 'log') {
        flip(d[i]);
      }
    }
  }
}

// -->
</script>

</head>
<body>
<h2 align='center'>Default test</h2><table border='1' align="center">
<tr>
<td>Tests passed/Failed/Skipped:</td><td>12/18/0</td>
</tr><tr>
<td>Started on:</td><td>Mon Sep 19 02:10:22 WIB 2022</td>
</tr>
<tr><td>Total time:</td><td>97 seconds (97315 ms)</td>
</tr><tr>
<td>Included groups:</td><td></td>
</tr><tr>
<td>Excluded groups:</td><td></td>
</tr>
</table><p/>
<small><i>(Hover the method name to see the test class name)</i></small><p/>
<table width='100%' border='1' class='invocation-failed'>
<tr><td colspan='4' align='center'><b>FAILED TESTS</b></td></tr>
<tr><td><b>Test method</b></td>
<td width="30%"><b>Exception</b></td>
<td width="10%"><b>Time (seconds)</b></td>
<td><b>Instance</b></td>
</tr>
<tr>
<td title='com.ptdika.siloam.step_definitions.TestRunner.runScenario()'><b>runScenario</b><br>Test class: com.ptdika.siloam.step_definitions.TestRunner<br>Test method: Runs Cucumber Scenarios<br>Parameters: "User valid login module Return", "Return Filter"</td>
<td><div><pre>org.openqa.selenium.NoSuchElementException: no such element: Unable to locate element: {&quot;method&quot;:&quot;xpath&quot;,&quot;selector&quot;:&quot;//input[@placeholder=&apos;Username&apos;]&quot;}
  (Session info: chrome=105.0.5195.127)
For documentation on this error, please visit: https://www.seleniumhq.org/exceptions/no_such_element.html
Build info: version: &apos;3.141.59&apos;, revision: &apos;e82be7d358&apos;, time: &apos;2018-11-14T08:17:03&apos;
System info: host: &apos;KSTQATESTER&apos;, ip: &apos;192.168.1.118&apos;, os.name: &apos;Windows 11&apos;, os.arch: &apos;amd64&apos;, os.version: &apos;10.0&apos;, java.version: &apos;17.0.4&apos;
Driver info: org.openqa.selenium.chrome.ChromeDriver
Capabilities {acceptInsecureCerts: false, browserName: chrome, browserVersion: 105.0.5195.127, chrome: {chromedriverVersion: 104.0.5112.79 (3cf3e8c8a07d..., userDataDir: C:\Users\nurba\AppData\Loca...}, goog:chromeOptions: {debuggerAddress: localhost:63932}, javascriptEnabled: true, networkConnectionEnabled: false, pageLoadStrategy: normal, platform: WINDOWS, platformName: WINDOWS, proxy: Proxy(), setWindowRect: true, strictFileInteractability: false, timeouts: {implicit: 0, pageLoad: 300000, script: 30000}, unhandledPromptBehavior: dismiss and notify, webauthn:extension:credBlob: true, webauthn:extension:largeBlob: true, webauthn:virtualAuthenticators: true}
Session ID: e578c88cb3edab40c6334ba75f0304d4
*** Element info: {Using=xpath, value=//input[@placeholder=&apos;Username&apos;]}
	at java.base/jdk.internal.reflect.NativeConstructorAccessorImpl.newInstance0(Native Method)
	at java.base/jdk.internal.reflect.NativeConstructorAccessorImpl.newInstance(NativeConstructorAccessorImpl.java:77)
	at java.base/jdk.internal.reflect.DelegatingConstructorAccessorImpl.newInstance(DelegatingConstructorAccessorImpl.java:45)
	at java.base/java.lang.reflect.Constructor.newInstanceWithCaller(Constructor.java:499)
	at java.base/java.lang.reflect.Constructor.newInstance(Constructor.java:480)
	at org.openqa.selenium.remote.http.W3CHttpResponseCodec.createException(W3CHttpResponseCodec.java:187)
	at org.openqa.selenium.remote.http.W3CHttpResponseCodec.decode(W3CHttpResponseCodec.java:122)
	at org.openqa.selenium.remote.http.W3CHttpResponseCodec.decode(W3CHttpResponseCodec.java:49)
	at org.openqa.selenium.remote.HttpCommandExecutor.execute(HttpCommandExecutor.java:158)
	at org.openqa.selenium.remote.service.DriverCommandExecutor.execute(DriverCommandExecutor.java:83)
	at org.openqa.selenium.remote.RemoteWebDriver.execute(RemoteWebDriver.java:552)
	at org.openqa.selenium.remote.RemoteWebDriver.findElement(RemoteWebDriver.java:323)
	at org.openqa.selenium.remote.RemoteWebDriver.findElementByXPath(RemoteWebDriver.java:428)
	at org.openqa.selenium.By$ByXPath.findElement(By.java:353)
	at org.openqa.selenium.remote.RemoteWebDriver.findElement(RemoteWebDriver.java:315)
	at org.openqa.selenium.support.pagefactory.DefaultElementLocator.findElement(DefaultElementLocator.java:69)
	at org.openqa.selenium.support.pagefactory.internal.LocatingElementHandler.invoke(LocatingElementHandler.java:38)
	at jdk.proxy2/jdk.proxy2.$Proxy27.sendKeys(Unknown Source)
	at com.ptdika.siloam.pages.ReturnFilter.login(ReturnFilter.java:85)
	at com.ptdika.siloam.step_definitions.TestReturnFilter.User_enter_valid_username_and_password_modul_Return(TestReturnFilter.java:40)
	at ?.User enter valid username and password modul Return(file:///C:/Users/nurba/eclipse-workspace/com.ptdika.siloam/src/test/resources/features/04.ReturnFilter.feature:5)
</pre></div><a href='#' onClick='toggleBox("stack-trace1985178707", this, "Click to show all stack frames", "Click to hide stack frames")'>Click to show all stack frames</a>
<div class='stack-trace' id='stack-trace1985178707'><pre>org.openqa.selenium.NoSuchElementException: no such element: Unable to locate element: {&quot;method&quot;:&quot;xpath&quot;,&quot;selector&quot;:&quot;//input[@placeholder=&apos;Username&apos;]&quot;}
  (Session info: chrome=105.0.5195.127)
For documentation on this error, please visit: https://www.seleniumhq.org/exceptions/no_such_element.html
Build info: version: &apos;3.141.59&apos;, revision: &apos;e82be7d358&apos;, time: &apos;2018-11-14T08:17:03&apos;
System info: host: &apos;KSTQATESTER&apos;, ip: &apos;192.168.1.118&apos;, os.name: &apos;Windows 11&apos;, os.arch: &apos;amd64&apos;, os.version: &apos;10.0&apos;, java.version: &apos;17.0.4&apos;
Driver info: org.openqa.selenium.chrome.ChromeDriver
Capabilities {acceptInsecureCerts: false, browserName: chrome, browserVersion: 105.0.5195.127, chrome: {chromedriverVersion: 104.0.5112.79 (3cf3e8c8a07d..., userDataDir: C:\Users\nurba\AppData\Loca...}, goog:chromeOptions: {debuggerAddress: localhost:63932}, javascriptEnabled: true, networkConnectionEnabled: false, pageLoadStrategy: normal, platform: WINDOWS, platformName: WINDOWS, proxy: Proxy(), setWindowRect: true, strictFileInteractability: false, timeouts: {implicit: 0, pageLoad: 300000, script: 30000}, unhandledPromptBehavior: dismiss and notify, webauthn:extension:credBlob: true, webauthn:extension:largeBlob: true, webauthn:virtualAuthenticators: true}
Session ID: e578c88cb3edab40c6334ba75f0304d4
*** Element info: {Using=xpath, value=//input[@placeholder=&apos;Username&apos;]}
	at java.base/jdk.internal.reflect.NativeConstructorAccessorImpl.newInstance0(Native Method)
	at java.base/jdk.internal.reflect.NativeConstructorAccessorImpl.newInstance(NativeConstructorAccessorImpl.java:77)
	at java.base/jdk.internal.reflect.DelegatingConstructorAccessorImpl.newInstance(DelegatingConstructorAccessorImpl.java:45)
	at java.base/java.lang.reflect.Constructor.newInstanceWithCaller(Constructor.java:499)
	at java.base/java.lang.reflect.Constructor.newInstance(Constructor.java:480)
	at org.openqa.selenium.remote.http.W3CHttpResponseCodec.createException(W3CHttpResponseCodec.java:187)
	at org.openqa.selenium.remote.http.W3CHttpResponseCodec.decode(W3CHttpResponseCodec.java:122)
	at org.openqa.selenium.remote.http.W3CHttpResponseCodec.decode(W3CHttpResponseCodec.java:49)
	at org.openqa.selenium.remote.HttpCommandExecutor.execute(HttpCommandExecutor.java:158)
	at org.openqa.selenium.remote.service.DriverCommandExecutor.execute(DriverCommandExecutor.java:83)
	at org.openqa.selenium.remote.RemoteWebDriver.execute(RemoteWebDriver.java:552)
	at org.openqa.selenium.remote.RemoteWebDriver.findElement(RemoteWebDriver.java:323)
	at org.openqa.selenium.remote.RemoteWebDriver.findElementByXPath(RemoteWebDriver.java:428)
	at org.openqa.selenium.By$ByXPath.findElement(By.java:353)
	at org.openqa.selenium.remote.RemoteWebDriver.findElement(RemoteWebDriver.java:315)
	at org.openqa.selenium.support.pagefactory.DefaultElementLocator.findElement(DefaultElementLocator.java:69)
	at org.openqa.selenium.support.pagefactory.internal.LocatingElementHandler.invoke(LocatingElementHandler.java:38)
	at jdk.proxy2/jdk.proxy2.$Proxy27.sendKeys(Unknown Source)
	at com.ptdika.siloam.pages.ReturnFilter.login(ReturnFilter.java:85)
	at com.ptdika.siloam.step_definitions.TestReturnFilter.User_enter_valid_username_and_password_modul_Return(TestReturnFilter.java:40)
	at ?.User enter valid username and password modul Return(file:///C:/Users/nurba/eclipse-workspace/com.ptdika.siloam/src/test/resources/features/04.ReturnFilter.feature:5)
</pre></div></td>
<td>11</td>
<td>com.ptdika.siloam.step_definitions.TestRunner@3835c46</td></tr>
<tr>
<td title='com.ptdika.siloam.step_definitions.TestRunner.runScenario()'><b>runScenario</b><br>Test class: com.ptdika.siloam.step_definitions.TestRunner<br>Test method: Runs Cucumber Scenarios<br>Parameters: "Complete Status Ret006", "Return Filter"</td>
<td><div><pre>java.lang.ArrayIndexOutOfBoundsException: Index 18 out of bounds for length 18
	at com.ptdika.siloam.step_definitions.Hooks.setUp(Hooks.java:32)
</pre></div><a href='#' onClick='toggleBox("stack-trace1071439482", this, "Click to show all stack frames", "Click to hide stack frames")'>Click to show all stack frames</a>
<div class='stack-trace' id='stack-trace1071439482'><pre>java.lang.ArrayIndexOutOfBoundsException: Index 18 out of bounds for length 18
	at com.ptdika.siloam.step_definitions.Hooks.setUp(Hooks.java:32)
</pre></div></td>
<td>0</td>
<td>com.ptdika.siloam.step_definitions.TestRunner@3835c46</td></tr>
<tr>
<td title='com.ptdika.siloam.step_definitions.TestRunner.runScenario()'><b>runScenario</b><br>Test class: com.ptdika.siloam.step_definitions.TestRunner<br>Test method: Runs Cucumber Scenarios<br>Parameters: "View on Foto Faskes Awal", "Dashboard Admin"</td>
<td><div><pre>java.lang.ArrayIndexOutOfBoundsException: Index 18 out of bounds for length 18
	at com.ptdika.siloam.step_definitions.Hooks.setUp(Hooks.java:32)
</pre></div><a href='#' onClick='toggleBox("stack-trace961847091", this, "Click to show all stack frames", "Click to hide stack frames")'>Click to show all stack frames</a>
<div class='stack-trace' id='stack-trace961847091'><pre>java.lang.ArrayIndexOutOfBoundsException: Index 18 out of bounds for length 18
	at com.ptdika.siloam.step_definitions.Hooks.setUp(Hooks.java:32)
</pre></div></td>
<td>0</td>
<td>com.ptdika.siloam.step_definitions.TestRunner@3835c46</td></tr>
<tr>
<td title='com.ptdika.siloam.step_definitions.TestRunner.runScenario()'><b>runScenario</b><br>Test class: com.ptdika.siloam.step_definitions.TestRunner<br>Test method: Runs Cucumber Scenarios<br>Parameters: "User invalid login Admin", "Login User Admin"</td>
<td><div><pre>java.lang.ArrayIndexOutOfBoundsException: Index 18 out of bounds for length 18
	at com.ptdika.siloam.step_definitions.Hooks.setUp(Hooks.java:32)
</pre></div><a href='#' onClick='toggleBox("stack-trace1755514347", this, "Click to show all stack frames", "Click to hide stack frames")'>Click to show all stack frames</a>
<div class='stack-trace' id='stack-trace1755514347'><pre>java.lang.ArrayIndexOutOfBoundsException: Index 18 out of bounds for length 18
	at com.ptdika.siloam.step_definitions.Hooks.setUp(Hooks.java:32)
</pre></div></td>
<td>0</td>
<td>com.ptdika.siloam.step_definitions.TestRunner@3835c46</td></tr>
<tr>
<td title='com.ptdika.siloam.step_definitions.TestRunner.runScenario()'><b>runScenario</b><br>Test class: com.ptdika.siloam.step_definitions.TestRunner<br>Test method: Runs Cucumber Scenarios<br>Parameters: "Dashboard User Function", "Dashboard Admin"</td>
<td><div><pre>java.lang.ArrayIndexOutOfBoundsException: Index 18 out of bounds for length 18
	at com.ptdika.siloam.step_definitions.Hooks.setUp(Hooks.java:32)
</pre></div><a href='#' onClick='toggleBox("stack-trace1572582034", this, "Click to show all stack frames", "Click to hide stack frames")'>Click to show all stack frames</a>
<div class='stack-trace' id='stack-trace1572582034'><pre>java.lang.ArrayIndexOutOfBoundsException: Index 18 out of bounds for length 18
	at com.ptdika.siloam.step_definitions.Hooks.setUp(Hooks.java:32)
</pre></div></td>
<td>0</td>
<td>com.ptdika.siloam.step_definitions.TestRunner@3835c46</td></tr>
<tr>
<td title='com.ptdika.siloam.step_definitions.TestRunner.runScenario()'><b>runScenario</b><br>Test class: com.ptdika.siloam.step_definitions.TestRunner<br>Test method: Runs Cucumber Scenarios<br>Parameters: "User valid login module Input TTD Digital", "Input TTD Digital"</td>
<td><div><pre>org.openqa.selenium.NoSuchElementException: no such element: Unable to locate element: {&quot;method&quot;:&quot;xpath&quot;,&quot;selector&quot;:&quot;//input[@placeholder=&apos;Username&apos;]&quot;}
  (Session info: chrome=105.0.5195.127)
For documentation on this error, please visit: https://www.seleniumhq.org/exceptions/no_such_element.html
Build info: version: &apos;3.141.59&apos;, revision: &apos;e82be7d358&apos;, time: &apos;2018-11-14T08:17:03&apos;
System info: host: &apos;KSTQATESTER&apos;, ip: &apos;192.168.1.118&apos;, os.name: &apos;Windows 11&apos;, os.arch: &apos;amd64&apos;, os.version: &apos;10.0&apos;, java.version: &apos;17.0.4&apos;
Driver info: org.openqa.selenium.chrome.ChromeDriver
Capabilities {acceptInsecureCerts: false, browserName: chrome, browserVersion: 105.0.5195.127, chrome: {chromedriverVersion: 104.0.5112.79 (3cf3e8c8a07d..., userDataDir: C:\Users\nurba\AppData\Loca...}, goog:chromeOptions: {debuggerAddress: localhost:63932}, javascriptEnabled: true, networkConnectionEnabled: false, pageLoadStrategy: normal, platform: WINDOWS, platformName: WINDOWS, proxy: Proxy(), setWindowRect: true, strictFileInteractability: false, timeouts: {implicit: 0, pageLoad: 300000, script: 30000}, unhandledPromptBehavior: dismiss and notify, webauthn:extension:credBlob: true, webauthn:extension:largeBlob: true, webauthn:virtualAuthenticators: true}
Session ID: e578c88cb3edab40c6334ba75f0304d4
*** Element info: {Using=xpath, value=//input[@placeholder=&apos;Username&apos;]}
	at java.base/jdk.internal.reflect.NativeConstructorAccessorImpl.newInstance0(Native Method)
	at java.base/jdk.internal.reflect.NativeConstructorAccessorImpl.newInstance(NativeConstructorAccessorImpl.java:77)
	at java.base/jdk.internal.reflect.DelegatingConstructorAccessorImpl.newInstance(DelegatingConstructorAccessorImpl.java:45)
	at java.base/java.lang.reflect.Constructor.newInstanceWithCaller(Constructor.java:499)
	at java.base/java.lang.reflect.Constructor.newInstance(Constructor.java:480)
	at org.openqa.selenium.remote.http.W3CHttpResponseCodec.createException(W3CHttpResponseCodec.java:187)
	at org.openqa.selenium.remote.http.W3CHttpResponseCodec.decode(W3CHttpResponseCodec.java:122)
	at org.openqa.selenium.remote.http.W3CHttpResponseCodec.decode(W3CHttpResponseCodec.java:49)
	at org.openqa.selenium.remote.HttpCommandExecutor.execute(HttpCommandExecutor.java:158)
	at org.openqa.selenium.remote.service.DriverCommandExecutor.execute(DriverCommandExecutor.java:83)
	at org.openqa.selenium.remote.RemoteWebDriver.execute(RemoteWebDriver.java:552)
	at org.openqa.selenium.remote.RemoteWebDriver.findElement(RemoteWebDriver.java:323)
	at org.openqa.selenium.remote.RemoteWebDriver.findElementByXPath(RemoteWebDriver.java:428)
	at org.openqa.selenium.By$ByXPath.findElement(By.java:353)
	at org.openqa.selenium.remote.RemoteWebDriver.findElement(RemoteWebDriver.java:315)
	at org.openqa.selenium.support.pagefactory.DefaultElementLocator.findElement(DefaultElementLocator.java:69)
	at org.openqa.selenium.support.pagefactory.internal.LocatingElementHandler.invoke(LocatingElementHandler.java:38)
	at jdk.proxy2/jdk.proxy2.$Proxy27.sendKeys(Unknown Source)
	at com.ptdika.siloam.pages.InputTTDDigital.login(InputTTDDigital.java:47)
	at com.ptdika.siloam.step_definitions.TestInputTTDDigital.User_enter_valid_username_and_password_modul_Input_TTD_Digital(TestInputTTDDigital.java:36)
	at ?.User enter valid username and password modul Input TTD Digital(file:///C:/Users/nurba/eclipse-workspace/com.ptdika.siloam/src/test/resources/features/03.InputTTDDigital.feature:5)
</pre></div><a href='#' onClick='toggleBox("stack-trace280291320", this, "Click to show all stack frames", "Click to hide stack frames")'>Click to show all stack frames</a>
<div class='stack-trace' id='stack-trace280291320'><pre>org.openqa.selenium.NoSuchElementException: no such element: Unable to locate element: {&quot;method&quot;:&quot;xpath&quot;,&quot;selector&quot;:&quot;//input[@placeholder=&apos;Username&apos;]&quot;}
  (Session info: chrome=105.0.5195.127)
For documentation on this error, please visit: https://www.seleniumhq.org/exceptions/no_such_element.html
Build info: version: &apos;3.141.59&apos;, revision: &apos;e82be7d358&apos;, time: &apos;2018-11-14T08:17:03&apos;
System info: host: &apos;KSTQATESTER&apos;, ip: &apos;192.168.1.118&apos;, os.name: &apos;Windows 11&apos;, os.arch: &apos;amd64&apos;, os.version: &apos;10.0&apos;, java.version: &apos;17.0.4&apos;
Driver info: org.openqa.selenium.chrome.ChromeDriver
Capabilities {acceptInsecureCerts: false, browserName: chrome, browserVersion: 105.0.5195.127, chrome: {chromedriverVersion: 104.0.5112.79 (3cf3e8c8a07d..., userDataDir: C:\Users\nurba\AppData\Loca...}, goog:chromeOptions: {debuggerAddress: localhost:63932}, javascriptEnabled: true, networkConnectionEnabled: false, pageLoadStrategy: normal, platform: WINDOWS, platformName: WINDOWS, proxy: Proxy(), setWindowRect: true, strictFileInteractability: false, timeouts: {implicit: 0, pageLoad: 300000, script: 30000}, unhandledPromptBehavior: dismiss and notify, webauthn:extension:credBlob: true, webauthn:extension:largeBlob: true, webauthn:virtualAuthenticators: true}
Session ID: e578c88cb3edab40c6334ba75f0304d4
*** Element info: {Using=xpath, value=//input[@placeholder=&apos;Username&apos;]}
	at java.base/jdk.internal.reflect.NativeConstructorAccessorImpl.newInstance0(Native Method)
	at java.base/jdk.internal.reflect.NativeConstructorAccessorImpl.newInstance(NativeConstructorAccessorImpl.java:77)
	at java.base/jdk.internal.reflect.DelegatingConstructorAccessorImpl.newInstance(DelegatingConstructorAccessorImpl.java:45)
	at java.base/java.lang.reflect.Constructor.newInstanceWithCaller(Constructor.java:499)
	at java.base/java.lang.reflect.Constructor.newInstance(Constructor.java:480)
	at org.openqa.selenium.remote.http.W3CHttpResponseCodec.createException(W3CHttpResponseCodec.java:187)
	at org.openqa.selenium.remote.http.W3CHttpResponseCodec.decode(W3CHttpResponseCodec.java:122)
	at org.openqa.selenium.remote.http.W3CHttpResponseCodec.decode(W3CHttpResponseCodec.java:49)
	at org.openqa.selenium.remote.HttpCommandExecutor.execute(HttpCommandExecutor.java:158)
	at org.openqa.selenium.remote.service.DriverCommandExecutor.execute(DriverCommandExecutor.java:83)
	at org.openqa.selenium.remote.RemoteWebDriver.execute(RemoteWebDriver.java:552)
	at org.openqa.selenium.remote.RemoteWebDriver.findElement(RemoteWebDriver.java:323)
	at org.openqa.selenium.remote.RemoteWebDriver.findElementByXPath(RemoteWebDriver.java:428)
	at org.openqa.selenium.By$ByXPath.findElement(By.java:353)
	at org.openqa.selenium.remote.RemoteWebDriver.findElement(RemoteWebDriver.java:315)
	at org.openqa.selenium.support.pagefactory.DefaultElementLocator.findElement(DefaultElementLocator.java:69)
	at org.openqa.selenium.support.pagefactory.internal.LocatingElementHandler.invoke(LocatingElementHandler.java:38)
	at jdk.proxy2/jdk.proxy2.$Proxy27.sendKeys(Unknown Source)
	at com.ptdika.siloam.pages.InputTTDDigital.login(InputTTDDigital.java:47)
	at com.ptdika.siloam.step_definitions.TestInputTTDDigital.User_enter_valid_username_and_password_modul_Input_TTD_Digital(TestInputTTDDigital.java:36)
	at ?.User enter valid username and password modul Input TTD Digital(file:///C:/Users/nurba/eclipse-workspace/com.ptdika.siloam/src/test/resources/features/03.InputTTDDigital.feature:5)
</pre></div></td>
<td>11</td>
<td>com.ptdika.siloam.step_definitions.TestRunner@3835c46</td></tr>
<tr>
<td title='com.ptdika.siloam.step_definitions.TestRunner.runScenario()'><b>runScenario</b><br>Test class: com.ptdika.siloam.step_definitions.TestRunner<br>Test method: Runs Cucumber Scenarios<br>Parameters: "User valid login Admin", "Login User Admin"</td>
<td><div><pre>java.lang.ArrayIndexOutOfBoundsException: Index 18 out of bounds for length 18
	at com.ptdika.siloam.step_definitions.Hooks.setUp(Hooks.java:32)
</pre></div><a href='#' onClick='toggleBox("stack-trace937428334", this, "Click to show all stack frames", "Click to hide stack frames")'>Click to show all stack frames</a>
<div class='stack-trace' id='stack-trace937428334'><pre>java.lang.ArrayIndexOutOfBoundsException: Index 18 out of bounds for length 18
	at com.ptdika.siloam.step_definitions.Hooks.setUp(Hooks.java:32)
</pre></div></td>
<td>0</td>
<td>com.ptdika.siloam.step_definitions.TestRunner@3835c46</td></tr>
<tr>
<td title='com.ptdika.siloam.step_definitions.TestRunner.runScenario()'><b>runScenario</b><br>Test class: com.ptdika.siloam.step_definitions.TestRunner<br>Test method: Runs Cucumber Scenarios<br>Parameters: "User search compatible data", "Input TTD Digital"</td>
<td><div><pre>org.openqa.selenium.NoSuchElementException: no such element: Unable to locate element: {&quot;method&quot;:&quot;xpath&quot;,&quot;selector&quot;:&quot;//span[@class=&apos;fa fa-eye&apos;]&quot;}
  (Session info: chrome=105.0.5195.127)
For documentation on this error, please visit: https://www.seleniumhq.org/exceptions/no_such_element.html
Build info: version: &apos;3.141.59&apos;, revision: &apos;e82be7d358&apos;, time: &apos;2018-11-14T08:17:03&apos;
System info: host: &apos;KSTQATESTER&apos;, ip: &apos;192.168.1.118&apos;, os.name: &apos;Windows 11&apos;, os.arch: &apos;amd64&apos;, os.version: &apos;10.0&apos;, java.version: &apos;17.0.4&apos;
Driver info: org.openqa.selenium.chrome.ChromeDriver
Capabilities {acceptInsecureCerts: false, browserName: chrome, browserVersion: 105.0.5195.127, chrome: {chromedriverVersion: 104.0.5112.79 (3cf3e8c8a07d..., userDataDir: C:\Users\nurba\AppData\Loca...}, goog:chromeOptions: {debuggerAddress: localhost:63932}, javascriptEnabled: true, networkConnectionEnabled: false, pageLoadStrategy: normal, platform: WINDOWS, platformName: WINDOWS, proxy: Proxy(), setWindowRect: true, strictFileInteractability: false, timeouts: {implicit: 0, pageLoad: 300000, script: 30000}, unhandledPromptBehavior: dismiss and notify, webauthn:extension:credBlob: true, webauthn:extension:largeBlob: true, webauthn:virtualAuthenticators: true}
Session ID: e578c88cb3edab40c6334ba75f0304d4
*** Element info: {Using=xpath, value=//span[@class=&apos;fa fa-eye&apos;]}
	at java.base/jdk.internal.reflect.NativeConstructorAccessorImpl.newInstance0(Native Method)
	at java.base/jdk.internal.reflect.NativeConstructorAccessorImpl.newInstance(NativeConstructorAccessorImpl.java:77)
	at java.base/jdk.internal.reflect.DelegatingConstructorAccessorImpl.newInstance(DelegatingConstructorAccessorImpl.java:45)
	at java.base/java.lang.reflect.Constructor.newInstanceWithCaller(Constructor.java:499)
	at java.base/java.lang.reflect.Constructor.newInstance(Constructor.java:480)
	at org.openqa.selenium.remote.http.W3CHttpResponseCodec.createException(W3CHttpResponseCodec.java:187)
	at org.openqa.selenium.remote.http.W3CHttpResponseCodec.decode(W3CHttpResponseCodec.java:122)
	at org.openqa.selenium.remote.http.W3CHttpResponseCodec.decode(W3CHttpResponseCodec.java:49)
	at org.openqa.selenium.remote.HttpCommandExecutor.execute(HttpCommandExecutor.java:158)
	at org.openqa.selenium.remote.service.DriverCommandExecutor.execute(DriverCommandExecutor.java:83)
	at org.openqa.selenium.remote.RemoteWebDriver.execute(RemoteWebDriver.java:552)
	at org.openqa.selenium.remote.RemoteWebDriver.findElement(RemoteWebDriver.java:323)
	at org.openqa.selenium.remote.RemoteWebDriver.findElementByXPath(RemoteWebDriver.java:428)
	at org.openqa.selenium.By$ByXPath.findElement(By.java:353)
	at org.openqa.selenium.remote.RemoteWebDriver.findElement(RemoteWebDriver.java:315)
	at org.openqa.selenium.support.pagefactory.DefaultElementLocator.findElement(DefaultElementLocator.java:69)
	at org.openqa.selenium.support.pagefactory.internal.LocatingElementHandler.invoke(LocatingElementHandler.java:38)
	at jdk.proxy2/jdk.proxy2.$Proxy27.click(Unknown Source)
	at com.ptdika.siloam.pages.InputTTDDigital.userClickOnEyeButton(InputTTDDigital.java:61)
	at com.ptdika.siloam.step_definitions.TestInputTTDDigital.User_Click_On_Eye_Button(TestInputTTDDigital.java:66)
	at ?.User Click On Eye Button(file:///C:/Users/nurba/eclipse-workspace/com.ptdika.siloam/src/test/resources/features/03.InputTTDDigital.feature:12)
</pre></div><a href='#' onClick='toggleBox("stack-trace86384329", this, "Click to show all stack frames", "Click to hide stack frames")'>Click to show all stack frames</a>
<div class='stack-trace' id='stack-trace86384329'><pre>org.openqa.selenium.NoSuchElementException: no such element: Unable to locate element: {&quot;method&quot;:&quot;xpath&quot;,&quot;selector&quot;:&quot;//span[@class=&apos;fa fa-eye&apos;]&quot;}
  (Session info: chrome=105.0.5195.127)
For documentation on this error, please visit: https://www.seleniumhq.org/exceptions/no_such_element.html
Build info: version: &apos;3.141.59&apos;, revision: &apos;e82be7d358&apos;, time: &apos;2018-11-14T08:17:03&apos;
System info: host: &apos;KSTQATESTER&apos;, ip: &apos;192.168.1.118&apos;, os.name: &apos;Windows 11&apos;, os.arch: &apos;amd64&apos;, os.version: &apos;10.0&apos;, java.version: &apos;17.0.4&apos;
Driver info: org.openqa.selenium.chrome.ChromeDriver
Capabilities {acceptInsecureCerts: false, browserName: chrome, browserVersion: 105.0.5195.127, chrome: {chromedriverVersion: 104.0.5112.79 (3cf3e8c8a07d..., userDataDir: C:\Users\nurba\AppData\Loca...}, goog:chromeOptions: {debuggerAddress: localhost:63932}, javascriptEnabled: true, networkConnectionEnabled: false, pageLoadStrategy: normal, platform: WINDOWS, platformName: WINDOWS, proxy: Proxy(), setWindowRect: true, strictFileInteractability: false, timeouts: {implicit: 0, pageLoad: 300000, script: 30000}, unhandledPromptBehavior: dismiss and notify, webauthn:extension:credBlob: true, webauthn:extension:largeBlob: true, webauthn:virtualAuthenticators: true}
Session ID: e578c88cb3edab40c6334ba75f0304d4
*** Element info: {Using=xpath, value=//span[@class=&apos;fa fa-eye&apos;]}
	at java.base/jdk.internal.reflect.NativeConstructorAccessorImpl.newInstance0(Native Method)
	at java.base/jdk.internal.reflect.NativeConstructorAccessorImpl.newInstance(NativeConstructorAccessorImpl.java:77)
	at java.base/jdk.internal.reflect.DelegatingConstructorAccessorImpl.newInstance(DelegatingConstructorAccessorImpl.java:45)
	at java.base/java.lang.reflect.Constructor.newInstanceWithCaller(Constructor.java:499)
	at java.base/java.lang.reflect.Constructor.newInstance(Constructor.java:480)
	at org.openqa.selenium.remote.http.W3CHttpResponseCodec.createException(W3CHttpResponseCodec.java:187)
	at org.openqa.selenium.remote.http.W3CHttpResponseCodec.decode(W3CHttpResponseCodec.java:122)
	at org.openqa.selenium.remote.http.W3CHttpResponseCodec.decode(W3CHttpResponseCodec.java:49)
	at org.openqa.selenium.remote.HttpCommandExecutor.execute(HttpCommandExecutor.java:158)
	at org.openqa.selenium.remote.service.DriverCommandExecutor.execute(DriverCommandExecutor.java:83)
	at org.openqa.selenium.remote.RemoteWebDriver.execute(RemoteWebDriver.java:552)
	at org.openqa.selenium.remote.RemoteWebDriver.findElement(RemoteWebDriver.java:323)
	at org.openqa.selenium.remote.RemoteWebDriver.findElementByXPath(RemoteWebDriver.java:428)
	at org.openqa.selenium.By$ByXPath.findElement(By.java:353)
	at org.openqa.selenium.remote.RemoteWebDriver.findElement(RemoteWebDriver.java:315)
	at org.openqa.selenium.support.pagefactory.DefaultElementLocator.findElement(DefaultElementLocator.java:69)
	at org.openqa.selenium.support.pagefactory.internal.LocatingElementHandler.invoke(LocatingElementHandler.java:38)
	at jdk.proxy2/jdk.proxy2.$Proxy27.click(Unknown Source)
	at com.ptdika.siloam.pages.InputTTDDigital.userClickOnEyeButton(InputTTDDigital.java:61)
	at com.ptdika.siloam.step_definitions.TestInputTTDDigital.User_Click_On_Eye_Button(TestInputTTDDigital.java:66)
	at ?.User Click On Eye Button(file:///C:/Users/nurba/eclipse-workspace/com.ptdika.siloam/src/test/resources/features/03.InputTTDDigital.feature:12)
</pre></div></td>
<td>12</td>
<td>com.ptdika.siloam.step_definitions.TestRunner@3835c46</td></tr>
<tr>
<td title='com.ptdika.siloam.step_definitions.TestRunner.runScenario()'><b>runScenario</b><br>Test class: com.ptdika.siloam.step_definitions.TestRunner<br>Test method: Runs Cucumber Scenarios<br>Parameters: "Blank End Date Ret002", "Return Filter"</td>
<td><div><pre>java.lang.NullPointerException: Cannot invoke &quot;String.contains(java.lang.CharSequence)&quot; because &quot;txtRet002&quot; is null
	at com.ptdika.siloam.step_definitions.TestReturnFilter.User_received_error_message_Blank_End_Date_Ret002(TestReturnFilter.java:174)
	at ?.User received error message Blank End Date Ret002(file:///C:/Users/nurba/eclipse-workspace/com.ptdika.siloam/src/test/resources/features/04.ReturnFilter.feature:31)
</pre></div><a href='#' onClick='toggleBox("stack-trace40936992", this, "Click to show all stack frames", "Click to hide stack frames")'>Click to show all stack frames</a>
<div class='stack-trace' id='stack-trace40936992'><pre>java.lang.NullPointerException: Cannot invoke &quot;String.contains(java.lang.CharSequence)&quot; because &quot;txtRet002&quot; is null
	at com.ptdika.siloam.step_definitions.TestReturnFilter.User_received_error_message_Blank_End_Date_Ret002(TestReturnFilter.java:174)
	at ?.User received error message Blank End Date Ret002(file:///C:/Users/nurba/eclipse-workspace/com.ptdika.siloam/src/test/resources/features/04.ReturnFilter.feature:31)
</pre></div></td>
<td>2</td>
<td>com.ptdika.siloam.step_definitions.TestRunner@3835c46</td></tr>
<tr>
<td title='com.ptdika.siloam.step_definitions.TestRunner.runScenario()'><b>runScenario</b><br>Test class: com.ptdika.siloam.step_definitions.TestRunner<br>Test method: Runs Cucumber Scenarios<br>Parameters: "Reset Button Ret008", "Return Filter"</td>
<td><div><pre>java.lang.ArrayIndexOutOfBoundsException: Index 18 out of bounds for length 18
	at com.ptdika.siloam.step_definitions.Hooks.setUp(Hooks.java:32)
</pre></div><a href='#' onClick='toggleBox("stack-trace165631567", this, "Click to show all stack frames", "Click to hide stack frames")'>Click to show all stack frames</a>
<div class='stack-trace' id='stack-trace165631567'><pre>java.lang.ArrayIndexOutOfBoundsException: Index 18 out of bounds for length 18
	at com.ptdika.siloam.step_definitions.Hooks.setUp(Hooks.java:32)
</pre></div></td>
<td>0</td>
<td>com.ptdika.siloam.step_definitions.TestRunner@3835c46</td></tr>
<tr>
<td title='com.ptdika.siloam.step_definitions.TestRunner.runScenario()'><b>runScenario</b><br>Test class: com.ptdika.siloam.step_definitions.TestRunner<br>Test method: Runs Cucumber Scenarios<br>Parameters: "User Logout Sales", "Logout Sales"</td>
<td><div><pre>java.lang.ArrayIndexOutOfBoundsException: Index 18 out of bounds for length 18
	at com.ptdika.siloam.step_definitions.Hooks.setUp(Hooks.java:32)
</pre></div><a href='#' onClick='toggleBox("stack-trace1248908034", this, "Click to show all stack frames", "Click to hide stack frames")'>Click to show all stack frames</a>
<div class='stack-trace' id='stack-trace1248908034'><pre>java.lang.ArrayIndexOutOfBoundsException: Index 18 out of bounds for length 18
	at com.ptdika.siloam.step_definitions.Hooks.setUp(Hooks.java:32)
</pre></div></td>
<td>0</td>
<td>com.ptdika.siloam.step_definitions.TestRunner@3835c46</td></tr>
<tr>
<td title='com.ptdika.siloam.step_definitions.TestRunner.runScenario()'><b>runScenario</b><br>Test class: com.ptdika.siloam.step_definitions.TestRunner<br>Test method: Runs Cucumber Scenarios<br>Parameters: "View on Data Table", "Dashboard Admin"</td>
<td><div><pre>java.lang.ArrayIndexOutOfBoundsException: Index 18 out of bounds for length 18
	at com.ptdika.siloam.step_definitions.Hooks.setUp(Hooks.java:32)
</pre></div><a href='#' onClick='toggleBox("stack-trace1681629677", this, "Click to show all stack frames", "Click to hide stack frames")'>Click to show all stack frames</a>
<div class='stack-trace' id='stack-trace1681629677'><pre>java.lang.ArrayIndexOutOfBoundsException: Index 18 out of bounds for length 18
	at com.ptdika.siloam.step_definitions.Hooks.setUp(Hooks.java:32)
</pre></div></td>
<td>0</td>
<td>com.ptdika.siloam.step_definitions.TestRunner@3835c46</td></tr>
<tr>
<td title='com.ptdika.siloam.step_definitions.TestRunner.runScenario()'><b>runScenario</b><br>Test class: com.ptdika.siloam.step_definitions.TestRunner<br>Test method: Runs Cucumber Scenarios<br>Parameters: "Blank Status Ret005", "Return Filter"</td>
<td><div><pre>java.lang.NullPointerException: Cannot invoke &quot;String.contains(java.lang.CharSequence)&quot; because &quot;txtRet005&quot; is null
	at com.ptdika.siloam.step_definitions.TestReturnFilter.User_received_error_message_Blank_Status_Ret005(TestReturnFilter.java:339)
	at ?.User received error message Blank Status Ret005(file:///C:/Users/nurba/eclipse-workspace/com.ptdika.siloam/src/test/resources/features/04.ReturnFilter.feature:61)
</pre></div><a href='#' onClick='toggleBox("stack-trace1034879960", this, "Click to show all stack frames", "Click to hide stack frames")'>Click to show all stack frames</a>
<div class='stack-trace' id='stack-trace1034879960'><pre>java.lang.NullPointerException: Cannot invoke &quot;String.contains(java.lang.CharSequence)&quot; because &quot;txtRet005&quot; is null
	at com.ptdika.siloam.step_definitions.TestReturnFilter.User_received_error_message_Blank_Status_Ret005(TestReturnFilter.java:339)
	at ?.User received error message Blank Status Ret005(file:///C:/Users/nurba/eclipse-workspace/com.ptdika.siloam/src/test/resources/features/04.ReturnFilter.feature:61)
</pre></div></td>
<td>4</td>
<td>com.ptdika.siloam.step_definitions.TestRunner@3835c46</td></tr>
<tr>
<td title='com.ptdika.siloam.step_definitions.TestRunner.runScenario()'><b>runScenario</b><br>Test class: com.ptdika.siloam.step_definitions.TestRunner<br>Test method: Runs Cucumber Scenarios<br>Parameters: "View on Foto PDF Agreement", "Dashboard Admin"</td>
<td><div><pre>java.lang.ArrayIndexOutOfBoundsException: Index 18 out of bounds for length 18
	at com.ptdika.siloam.step_definitions.Hooks.setUp(Hooks.java:32)
</pre></div><a href='#' onClick='toggleBox("stack-trace1138121345", this, "Click to show all stack frames", "Click to hide stack frames")'>Click to show all stack frames</a>
<div class='stack-trace' id='stack-trace1138121345'><pre>java.lang.ArrayIndexOutOfBoundsException: Index 18 out of bounds for length 18
	at com.ptdika.siloam.step_definitions.Hooks.setUp(Hooks.java:32)
</pre></div></td>
<td>0</td>
<td>com.ptdika.siloam.step_definitions.TestRunner@3835c46</td></tr>
<tr>
<td title='com.ptdika.siloam.step_definitions.TestRunner.runScenario()'><b>runScenario</b><br>Test class: com.ptdika.siloam.step_definitions.TestRunner<br>Test method: Runs Cucumber Scenarios<br>Parameters: "Pending Status Ret007", "Return Filter"</td>
<td><div><pre>java.lang.ArrayIndexOutOfBoundsException: Index 18 out of bounds for length 18
	at com.ptdika.siloam.step_definitions.Hooks.setUp(Hooks.java:32)
</pre></div><a href='#' onClick='toggleBox("stack-trace1798823822", this, "Click to show all stack frames", "Click to hide stack frames")'>Click to show all stack frames</a>
<div class='stack-trace' id='stack-trace1798823822'><pre>java.lang.ArrayIndexOutOfBoundsException: Index 18 out of bounds for length 18
	at com.ptdika.siloam.step_definitions.Hooks.setUp(Hooks.java:32)
</pre></div></td>
<td>0</td>
<td>com.ptdika.siloam.step_definitions.TestRunner@3835c46</td></tr>
<tr>
<td title='com.ptdika.siloam.step_definitions.TestRunner.runScenario()'><b>runScenario</b><br>Test class: com.ptdika.siloam.step_definitions.TestRunner<br>Test method: Runs Cucumber Scenarios<br>Parameters: "View on Foto Faskes Tujuan", "Dashboard Admin"</td>
<td><div><pre>java.lang.ArrayIndexOutOfBoundsException: Index 18 out of bounds for length 18
	at com.ptdika.siloam.step_definitions.Hooks.setUp(Hooks.java:32)
</pre></div><a href='#' onClick='toggleBox("stack-trace1185387998", this, "Click to show all stack frames", "Click to hide stack frames")'>Click to show all stack frames</a>
<div class='stack-trace' id='stack-trace1185387998'><pre>java.lang.ArrayIndexOutOfBoundsException: Index 18 out of bounds for length 18
	at com.ptdika.siloam.step_definitions.Hooks.setUp(Hooks.java:32)
</pre></div></td>
<td>0</td>
<td>com.ptdika.siloam.step_definitions.TestRunner@3835c46</td></tr>
<tr>
<td title='com.ptdika.siloam.step_definitions.TestRunner.runScenario()'><b>runScenario</b><br>Test class: com.ptdika.siloam.step_definitions.TestRunner<br>Test method: Runs Cucumber Scenarios<br>Parameters: "Text Scrap", "Login User Admin"</td>
<td><div><pre>java.lang.ArrayIndexOutOfBoundsException: Index 18 out of bounds for length 18
	at com.ptdika.siloam.step_definitions.Hooks.setUp(Hooks.java:32)
</pre></div><a href='#' onClick='toggleBox("stack-trace269132593", this, "Click to show all stack frames", "Click to hide stack frames")'>Click to show all stack frames</a>
<div class='stack-trace' id='stack-trace269132593'><pre>java.lang.ArrayIndexOutOfBoundsException: Index 18 out of bounds for length 18
	at com.ptdika.siloam.step_definitions.Hooks.setUp(Hooks.java:32)
</pre></div></td>
<td>0</td>
<td>com.ptdika.siloam.step_definitions.TestRunner@3835c46</td></tr>
<tr>
<td title='com.ptdika.siloam.step_definitions.TestRunner.runScenario()'><b>runScenario</b><br>Test class: com.ptdika.siloam.step_definitions.TestRunner<br>Test method: Runs Cucumber Scenarios<br>Parameters: "Blank Start Date Ret001", "Return Filter"</td>
<td><div><pre>java.lang.NullPointerException: Cannot invoke &quot;String.contains(java.lang.CharSequence)&quot; because &quot;txtRet001&quot; is null
	at com.ptdika.siloam.step_definitions.TestReturnFilter.User_received_error_message_Blank_Start_Date_Ret001(TestReturnFilter.java:119)
	at ?.User received error message Blank Start Date Ret001(file:///C:/Users/nurba/eclipse-workspace/com.ptdika.siloam/src/test/resources/features/04.ReturnFilter.feature:21)
</pre></div><a href='#' onClick='toggleBox("stack-trace1902216702", this, "Click to show all stack frames", "Click to hide stack frames")'>Click to show all stack frames</a>
<div class='stack-trace' id='stack-trace1902216702'><pre>java.lang.NullPointerException: Cannot invoke &quot;String.contains(java.lang.CharSequence)&quot; because &quot;txtRet001&quot; is null
	at com.ptdika.siloam.step_definitions.TestReturnFilter.User_received_error_message_Blank_Start_Date_Ret001(TestReturnFilter.java:119)
	at ?.User received error message Blank Start Date Ret001(file:///C:/Users/nurba/eclipse-workspace/com.ptdika.siloam/src/test/resources/features/04.ReturnFilter.feature:21)
</pre></div></td>
<td>0</td>
<td>com.ptdika.siloam.step_definitions.TestRunner@3835c46</td></tr>
</table><p>
<table width='100%' border='1' class='invocation-passed'>
<tr><td colspan='4' align='center'><b>PASSED TESTS</b></td></tr>
<tr><td><b>Test method</b></td>
<td width="30%"><b>Exception</b></td>
<td width="10%"><b>Time (seconds)</b></td>
<td><b>Instance</b></td>
</tr>
<tr>
<td title='com.ptdika.siloam.step_definitions.TestRunner.runScenario()'><b>runScenario</b><br>Test class: com.ptdika.siloam.step_definitions.TestRunner<br>Test method: Runs Cucumber Scenarios<br>Parameters: "User on feature input data Field Alamat", "Dashboard Menu"</td>
<td></td>
<td>3</td>
<td>com.ptdika.siloam.step_definitions.TestRunner@3835c46</td></tr>
<tr>
<td title='com.ptdika.siloam.step_definitions.TestRunner.runScenario()'><b>runScenario</b><br>Test class: com.ptdika.siloam.step_definitions.TestRunner<br>Test method: Runs Cucumber Scenarios<br>Parameters: "User on feature input data Field BPJS", "Dashboard Menu"</td>
<td></td>
<td>6</td>
<td>com.ptdika.siloam.step_definitions.TestRunner@3835c46</td></tr>
<tr>
<td title='com.ptdika.siloam.step_definitions.TestRunner.runScenario()'><b>runScenario</b><br>Test class: com.ptdika.siloam.step_definitions.TestRunner<br>Test method: Runs Cucumber Scenarios<br>Parameters: "User on feature input data Field KTP", "Dashboard Menu"</td>
<td></td>
<td>6</td>
<td>com.ptdika.siloam.step_definitions.TestRunner@3835c46</td></tr>
<tr>
<td title='com.ptdika.siloam.step_definitions.TestRunner.runScenario()'><b>runScenario</b><br>Test class: com.ptdika.siloam.step_definitions.TestRunner<br>Test method: Runs Cucumber Scenarios<br>Parameters: "User on feature input data Field Faskes Awal", "Dashboard Menu"</td>
<td></td>
<td>6</td>
<td>com.ptdika.siloam.step_definitions.TestRunner@3835c46</td></tr>
<tr>
<td title='com.ptdika.siloam.step_definitions.TestRunner.runScenario()'><b>runScenario</b><br>Test class: com.ptdika.siloam.step_definitions.TestRunner<br>Test method: Runs Cucumber Scenarios<br>Parameters: "User on feature input data Field Faskes Tujuan", "Dashboard Menu"</td>
<td></td>
<td>7</td>
<td>com.ptdika.siloam.step_definitions.TestRunner@3835c46</td></tr>
<tr>
<td title='com.ptdika.siloam.step_definitions.TestRunner.runScenario()'><b>runScenario</b><br>Test class: com.ptdika.siloam.step_definitions.TestRunner<br>Test method: Runs Cucumber Scenarios<br>Parameters: "Set Future day on Start Date Ret003", "Return Filter"</td>
<td></td>
<td>4</td>
<td>com.ptdika.siloam.step_definitions.TestRunner@3835c46</td></tr>
<tr>
<td title='com.ptdika.siloam.step_definitions.TestRunner.runScenario()'><b>runScenario</b><br>Test class: com.ptdika.siloam.step_definitions.TestRunner<br>Test method: Runs Cucumber Scenarios<br>Parameters: "User on feature input data Field Search Kota", "Dashboard Menu"</td>
<td></td>
<td>3</td>
<td>com.ptdika.siloam.step_definitions.TestRunner@3835c46</td></tr>
<tr>
<td title='com.ptdika.siloam.step_definitions.TestRunner.runScenario()'><b>runScenario</b><br>Test class: com.ptdika.siloam.step_definitions.TestRunner<br>Test method: Runs Cucumber Scenarios<br>Parameters: "User valid login", "Login User"</td>
<td></td>
<td>2</td>
<td>com.ptdika.siloam.step_definitions.TestRunner@3835c46</td></tr>
<tr>
<td title='com.ptdika.siloam.step_definitions.TestRunner.runScenario()'><b>runScenario</b><br>Test class: com.ptdika.siloam.step_definitions.TestRunner<br>Test method: Runs Cucumber Scenarios<br>Parameters: "User navigate to return page", "Return Filter"</td>
<td></td>
<td>0</td>
<td>com.ptdika.siloam.step_definitions.TestRunner@3835c46</td></tr>
<tr>
<td title='com.ptdika.siloam.step_definitions.TestRunner.runScenario()'><b>runScenario</b><br>Test class: com.ptdika.siloam.step_definitions.TestRunner<br>Test method: Runs Cucumber Scenarios<br>Parameters: "Set Future day on End Date Ret004", "Return Filter"</td>
<td></td>
<td>4</td>
<td>com.ptdika.siloam.step_definitions.TestRunner@3835c46</td></tr>
<tr>
<td title='com.ptdika.siloam.step_definitions.TestRunner.runScenario()'><b>runScenario</b><br>Test class: com.ptdika.siloam.step_definitions.TestRunner<br>Test method: Runs Cucumber Scenarios<br>Parameters: "User on feature input data Field Nama", "Dashboard Menu"</td>
<td></td>
<td>0</td>
<td>com.ptdika.siloam.step_definitions.TestRunner@3835c46</td></tr>
<tr>
<td title='com.ptdika.siloam.step_definitions.TestRunner.runScenario()'><b>runScenario</b><br>Test class: com.ptdika.siloam.step_definitions.TestRunner<br>Test method: Runs Cucumber Scenarios<br>Parameters: "User invalid login", "Login User"</td>
<td></td>
<td>3</td>
<td>com.ptdika.siloam.step_definitions.TestRunner@3835c46</td></tr>
</table><p>
</body>
</html>